c:\gamedev\barcalounger\barcalounger\barcalounger\debug\barcalounger\barcalounger.pdb
c:\gamedev\barcalounger\barcalounger\barcalounger\debug\barcalounger\barcalounger.idb
c:\gamedev\barcalounger\barcalounger\barcalounger\debug\barcalounger\clock.obj
c:\gamedev\barcalounger\barcalounger\barcalounger\debug\barcalounger\engine.obj
c:\gamedev\barcalounger\barcalounger\barcalounger\debug\barcalounger\input.obj
c:\gamedev\barcalounger\barcalounger\barcalounger\debug\barcalounger\logmanager.obj
c:\gamedev\barcalounger\barcalounger\barcalounger\debug\barcalounger\modelmanager.obj
c:\gamedev\barcalounger\barcalounger\barcalounger\debug\barcalounger\renderer.obj
c:\gamedev\barcalounger\barcalounger\barcalounger\debug\barcalounger\vertexbufferobject.obj
c:\gamedev\barcalounger\barcalounger\barcalounger\debug\barcalounger\window.obj
c:\gamedev\barcalounger\barcalounger\barcalounger\debug\barcalounger\imageloader.obj
c:\gamedev\barcalounger\barcalounger\barcalounger\debug\barcalounger\texture.obj
c:\gamedev\barcalounger\barcalounger\debug\barcalounger.lib
c:\gamedev\barcalounger\barcalounger\debug\barcalounger.pdb
c:\gamedev\barcalounger\barcalounger\barcalounger\debug\barcalounger\barcalounger.tlog\cl.command.1.tlog
c:\gamedev\barcalounger\barcalounger\barcalounger\debug\barcalounger\barcalounger.tlog\cl.read.1.tlog
c:\gamedev\barcalounger\barcalounger\barcalounger\debug\barcalounger\barcalounger.tlog\cl.write.1.tlog
c:\gamedev\barcalounger\barcalounger\barcalounger\debug\barcalounger\barcalounger.tlog\lib-link.read.1.tlog
c:\gamedev\barcalounger\barcalounger\barcalounger\debug\barcalounger\barcalounger.tlog\lib-link.write.1.tlog
c:\gamedev\barcalounger\barcalounger\barcalounger\debug\barcalounger\barcalounger.tlog\lib.command.1.tlog
